<?xml version="1.0" encoding="UTF-8"?>
<testng-results skipped="16" failed="0" ignored="0" total="32" passed="16">
  <reporter-output>
  </reporter-output>
  <suite name="Suite" duration-ms="1008795" started-at="2020-04-21T04:18:26Z" finished-at="2020-04-21T04:35:15Z">
    <groups>
    </groups>
    <test name="CoronaUpdateAndTelevisitLinkTest" duration-ms="68030" started-at="2020-04-21T04:18:26Z" finished-at="2020-04-21T04:19:34Z">
      <class name="com.stonerisehealthcare.testcases.CoronaUpdateAndTelevisitLinkTest">
        <test-method status="PASS" signature="initialize()[pri:0, instance:com.stonerisehealthcare.testcases.CoronaUpdateAndTelevisitLinkTest@2096442d]" name="initialize" is-config="true" duration-ms="10" started-at="2020-04-21T14:18:26Z" finished-at="2020-04-21T14:18:26Z">
          <reporter-output>
          </reporter-output>
        </test-method> <!-- initialize -->
        <test-method status="PASS" signature="initTest()[pri:0, instance:com.stonerisehealthcare.testcases.CoronaUpdateAndTelevisitLinkTest@2096442d]" name="initTest" is-config="true" duration-ms="201" started-at="2020-04-21T14:18:27Z" finished-at="2020-04-21T14:18:27Z">
          <reporter-output>
          </reporter-output>
        </test-method> <!-- initTest -->
        <test-method status="PASS" signature="coronatelevisitlink(java.util.Hashtable)[pri:0, instance:com.stonerisehealthcare.testcases.CoronaUpdateAndTelevisitLinkTest@2096442d]" name="coronatelevisitlink" duration-ms="33620" started-at="2020-04-21T14:18:27Z" data-provider="getData" finished-at="2020-04-21T14:19:01Z">
          <params>
            <param index="0">
              <value>
                <![CDATA[{Runmode=Y, Browser=chrome}]]>
              </value>
            </param>
          </params>
          <reporter-output>
          </reporter-output>
        </test-method> <!-- coronatelevisitlink -->
        <test-method status="PASS" signature="quit()[pri:0, instance:com.stonerisehealthcare.testcases.CoronaUpdateAndTelevisitLinkTest@2096442d]" name="quit" is-config="true" duration-ms="1375" started-at="2020-04-21T14:19:01Z" finished-at="2020-04-21T14:19:02Z">
          <reporter-output>
          </reporter-output>
        </test-method> <!-- quit -->
        <test-method status="PASS" signature="initTest()[pri:0, instance:com.stonerisehealthcare.testcases.CoronaUpdateAndTelevisitLinkTest@2096442d]" name="initTest" is-config="true" duration-ms="1" started-at="2020-04-21T14:19:02Z" finished-at="2020-04-21T14:19:02Z">
          <reporter-output>
          </reporter-output>
        </test-method> <!-- initTest -->
        <test-method status="PASS" signature="coronatelevisitlink(java.util.Hashtable)[pri:0, instance:com.stonerisehealthcare.testcases.CoronaUpdateAndTelevisitLinkTest@2096442d]" name="coronatelevisitlink" duration-ms="29872" started-at="2020-04-21T14:19:02Z" data-provider="getData" finished-at="2020-04-21T14:19:32Z">
          <params>
            <param index="0">
              <value>
                <![CDATA[{Runmode=Y, Browser=firefox}]]>
              </value>
            </param>
          </params>
          <reporter-output>
          </reporter-output>
        </test-method> <!-- coronatelevisitlink -->
        <test-method status="PASS" signature="quit()[pri:0, instance:com.stonerisehealthcare.testcases.CoronaUpdateAndTelevisitLinkTest@2096442d]" name="quit" is-config="true" duration-ms="2120" started-at="2020-04-21T14:19:32Z" finished-at="2020-04-21T14:19:34Z">
          <reporter-output>
          </reporter-output>
        </test-method> <!-- quit -->
        <test-method status="PASS" signature="initTest()[pri:0, instance:com.stonerisehealthcare.testcases.CoronaUpdateAndTelevisitLinkTest@2096442d]" name="initTest" is-config="true" duration-ms="1" started-at="2020-04-21T14:19:34Z" finished-at="2020-04-21T14:19:34Z">
          <reporter-output>
          </reporter-output>
        </test-method> <!-- initTest -->
        <test-method status="SKIP" signature="coronatelevisitlink(java.util.Hashtable)[pri:0, instance:com.stonerisehealthcare.testcases.CoronaUpdateAndTelevisitLinkTest@2096442d]" name="coronatelevisitlink" duration-ms="1" started-at="2020-04-21T14:19:34Z" data-provider="getData" finished-at="2020-04-21T14:19:34Z">
          <params>
            <param index="0">
              <value>
                <![CDATA[{Runmode=N, Browser=ie}]]>
              </value>
            </param>
          </params>
          <exception class="org.testng.SkipException">
            <message>
              <![CDATA[Test skipped since rumode is N]]>
            </message>
            <full-stacktrace>
              <![CDATA[org.testng.SkipException: Test skipped since rumode is N
	at com.stonerisehealthcare.testcases.CoronaUpdateAndTelevisitLinkTest.coronatelevisitlink(CoronaUpdateAndTelevisitLinkTest.java:28)
	at sun.reflect.NativeMethodAccessorImpl.invoke0(Native Method)
	at sun.reflect.NativeMethodAccessorImpl.invoke(NativeMethodAccessorImpl.java:62)
	at sun.reflect.DelegatingMethodAccessorImpl.invoke(DelegatingMethodAccessorImpl.java:43)
	at java.lang.reflect.Method.invoke(Method.java:483)
	at org.testng.internal.MethodInvocationHelper.invokeMethod(MethodInvocationHelper.java:104)
	at org.testng.internal.Invoker.invokeMethod(Invoker.java:645)
	at org.testng.internal.Invoker.invokeTestMethod(Invoker.java:851)
	at org.testng.internal.Invoker.invokeTestMethods(Invoker.java:1177)
	at org.testng.internal.TestMethodWorker.invokeTestMethods(TestMethodWorker.java:129)
	at org.testng.internal.TestMethodWorker.run(TestMethodWorker.java:112)
	at org.testng.TestRunner.privateRun(TestRunner.java:756)
	at org.testng.TestRunner.run(TestRunner.java:610)
	at org.testng.SuiteRunner.runTest(SuiteRunner.java:387)
	at org.testng.SuiteRunner.runSequentially(SuiteRunner.java:382)
	at org.testng.SuiteRunner.privateRun(SuiteRunner.java:340)
	at org.testng.SuiteRunner.run(SuiteRunner.java:289)
	at org.testng.SuiteRunnerWorker.runSuite(SuiteRunnerWorker.java:52)
	at org.testng.SuiteRunnerWorker.run(SuiteRunnerWorker.java:86)
	at org.testng.TestNG.runSuitesSequentially(TestNG.java:1293)
	at org.testng.TestNG.runSuitesLocally(TestNG.java:1218)
	at org.testng.TestNG.runSuites(TestNG.java:1133)
	at org.testng.TestNG.run(TestNG.java:1104)
	at org.apache.maven.surefire.testng.TestNGExecutor.run(TestNGExecutor.java:283)
	at org.apache.maven.surefire.testng.TestNGXmlTestSuite.execute(TestNGXmlTestSuite.java:75)
	at org.apache.maven.surefire.testng.TestNGProvider.invoke(TestNGProvider.java:120)
	at org.apache.maven.surefire.booter.ForkedBooter.invokeProviderInSameClassLoader(ForkedBooter.java:384)
	at org.apache.maven.surefire.booter.ForkedBooter.runSuitesInProcess(ForkedBooter.java:345)
	at org.apache.maven.surefire.booter.ForkedBooter.execute(ForkedBooter.java:126)
	at org.apache.maven.surefire.booter.ForkedBooter.main(ForkedBooter.java:418)
]]>
            </full-stacktrace>
          </exception> <!-- org.testng.SkipException -->
          <reporter-output>
          </reporter-output>
        </test-method> <!-- coronatelevisitlink -->
        <test-method status="PASS" signature="quit()[pri:0, instance:com.stonerisehealthcare.testcases.CoronaUpdateAndTelevisitLinkTest@2096442d]" name="quit" is-config="true" duration-ms="62" started-at="2020-04-21T14:19:34Z" finished-at="2020-04-21T14:19:34Z">
          <reporter-output>
          </reporter-output>
        </test-method> <!-- quit -->
        <test-method status="PASS" signature="initTest()[pri:0, instance:com.stonerisehealthcare.testcases.CoronaUpdateAndTelevisitLinkTest@2096442d]" name="initTest" is-config="true" duration-ms="1" started-at="2020-04-21T14:19:34Z" finished-at="2020-04-21T14:19:34Z">
          <reporter-output>
          </reporter-output>
        </test-method> <!-- initTest -->
        <test-method status="SKIP" signature="coronatelevisitlink(java.util.Hashtable)[pri:0, instance:com.stonerisehealthcare.testcases.CoronaUpdateAndTelevisitLinkTest@2096442d]" name="coronatelevisitlink" duration-ms="1" started-at="2020-04-21T14:19:34Z" data-provider="getData" finished-at="2020-04-21T14:19:34Z">
          <params>
            <param index="0">
              <value>
                <![CDATA[{Runmode=N, Browser=Edge}]]>
              </value>
            </param>
          </params>
          <exception class="org.testng.SkipException">
            <message>
              <![CDATA[Test skipped since rumode is N]]>
            </message>
            <full-stacktrace>
              <![CDATA[org.testng.SkipException: Test skipped since rumode is N
	at com.stonerisehealthcare.testcases.CoronaUpdateAndTelevisitLinkTest.coronatelevisitlink(CoronaUpdateAndTelevisitLinkTest.java:28)
	at sun.reflect.NativeMethodAccessorImpl.invoke0(Native Method)
	at sun.reflect.NativeMethodAccessorImpl.invoke(NativeMethodAccessorImpl.java:62)
	at sun.reflect.DelegatingMethodAccessorImpl.invoke(DelegatingMethodAccessorImpl.java:43)
	at java.lang.reflect.Method.invoke(Method.java:483)
	at org.testng.internal.MethodInvocationHelper.invokeMethod(MethodInvocationHelper.java:104)
	at org.testng.internal.Invoker.invokeMethod(Invoker.java:645)
	at org.testng.internal.Invoker.invokeTestMethod(Invoker.java:851)
	at org.testng.internal.Invoker.invokeTestMethods(Invoker.java:1177)
	at org.testng.internal.TestMethodWorker.invokeTestMethods(TestMethodWorker.java:129)
	at org.testng.internal.TestMethodWorker.run(TestMethodWorker.java:112)
	at org.testng.TestRunner.privateRun(TestRunner.java:756)
	at org.testng.TestRunner.run(TestRunner.java:610)
	at org.testng.SuiteRunner.runTest(SuiteRunner.java:387)
	at org.testng.SuiteRunner.runSequentially(SuiteRunner.java:382)
	at org.testng.SuiteRunner.privateRun(SuiteRunner.java:340)
	at org.testng.SuiteRunner.run(SuiteRunner.java:289)
	at org.testng.SuiteRunnerWorker.runSuite(SuiteRunnerWorker.java:52)
	at org.testng.SuiteRunnerWorker.run(SuiteRunnerWorker.java:86)
	at org.testng.TestNG.runSuitesSequentially(TestNG.java:1293)
	at org.testng.TestNG.runSuitesLocally(TestNG.java:1218)
	at org.testng.TestNG.runSuites(TestNG.java:1133)
	at org.testng.TestNG.run(TestNG.java:1104)
	at org.apache.maven.surefire.testng.TestNGExecutor.run(TestNGExecutor.java:283)
	at org.apache.maven.surefire.testng.TestNGXmlTestSuite.execute(TestNGXmlTestSuite.java:75)
	at org.apache.maven.surefire.testng.TestNGProvider.invoke(TestNGProvider.java:120)
	at org.apache.maven.surefire.booter.ForkedBooter.invokeProviderInSameClassLoader(ForkedBooter.java:384)
	at org.apache.maven.surefire.booter.ForkedBooter.runSuitesInProcess(ForkedBooter.java:345)
	at org.apache.maven.surefire.booter.ForkedBooter.execute(ForkedBooter.java:126)
	at org.apache.maven.surefire.booter.ForkedBooter.main(ForkedBooter.java:418)
]]>
            </full-stacktrace>
          </exception> <!-- org.testng.SkipException -->
          <reporter-output>
          </reporter-output>
        </test-method> <!-- coronatelevisitlink -->
        <test-method status="PASS" signature="quit()[pri:0, instance:com.stonerisehealthcare.testcases.CoronaUpdateAndTelevisitLinkTest@2096442d]" name="quit" is-config="true" duration-ms="51" started-at="2020-04-21T14:19:34Z" finished-at="2020-04-21T14:19:34Z">
          <reporter-output>
          </reporter-output>
        </test-method> <!-- quit -->
      </class> <!-- com.stonerisehealthcare.testcases.CoronaUpdateAndTelevisitLinkTest -->
    </test> <!-- CoronaUpdateAndTelevisitLinkTest -->
    <test name="SkilledNursingCentersLinksTest" duration-ms="346100" started-at="2020-04-21T04:19:35Z" finished-at="2020-04-21T04:25:21Z">
      <class name="com.stonerisehealthcare.testcases.SkilledNursingCentersLinksTest">
        <test-method status="PASS" signature="initialize()[pri:0, instance:com.stonerisehealthcare.testcases.SkilledNursingCentersLinksTest@2344fc66]" name="initialize" is-config="true" duration-ms="1" started-at="2020-04-21T14:19:35Z" finished-at="2020-04-21T14:19:35Z">
          <reporter-output>
          </reporter-output>
        </test-method> <!-- initialize -->
        <test-method status="PASS" signature="initTest()[pri:0, instance:com.stonerisehealthcare.testcases.SkilledNursingCentersLinksTest@2344fc66]" name="initTest" is-config="true" duration-ms="0" started-at="2020-04-21T14:19:35Z" finished-at="2020-04-21T14:19:35Z">
          <reporter-output>
          </reporter-output>
        </test-method> <!-- initTest -->
        <test-method status="PASS" signature="nursingcentreslinks(java.util.Hashtable)[pri:0, instance:com.stonerisehealthcare.testcases.SkilledNursingCentersLinksTest@2344fc66]" name="nursingcentreslinks" duration-ms="175272" started-at="2020-04-21T14:19:35Z" data-provider="getData" finished-at="2020-04-21T14:22:30Z">
          <params>
            <param index="0">
              <value>
                <![CDATA[{Runmode=Y, Browser=chrome}]]>
              </value>
            </param>
          </params>
          <reporter-output>
          </reporter-output>
        </test-method> <!-- nursingcentreslinks -->
        <test-method status="PASS" signature="quit()[pri:0, instance:com.stonerisehealthcare.testcases.SkilledNursingCentersLinksTest@2344fc66]" name="quit" is-config="true" duration-ms="1005" started-at="2020-04-21T14:22:30Z" finished-at="2020-04-21T14:22:31Z">
          <reporter-output>
          </reporter-output>
        </test-method> <!-- quit -->
        <test-method status="PASS" signature="initTest()[pri:0, instance:com.stonerisehealthcare.testcases.SkilledNursingCentersLinksTest@2344fc66]" name="initTest" is-config="true" duration-ms="0" started-at="2020-04-21T14:22:31Z" finished-at="2020-04-21T14:22:31Z">
          <reporter-output>
          </reporter-output>
        </test-method> <!-- initTest -->
        <test-method status="PASS" signature="nursingcentreslinks(java.util.Hashtable)[pri:0, instance:com.stonerisehealthcare.testcases.SkilledNursingCentersLinksTest@2344fc66]" name="nursingcentreslinks" duration-ms="167717" started-at="2020-04-21T14:22:31Z" data-provider="getData" finished-at="2020-04-21T14:25:19Z">
          <params>
            <param index="0">
              <value>
                <![CDATA[{Runmode=Y, Browser=firefox}]]>
              </value>
            </param>
          </params>
          <reporter-output>
          </reporter-output>
        </test-method> <!-- nursingcentreslinks -->
        <test-method status="PASS" signature="quit()[pri:0, instance:com.stonerisehealthcare.testcases.SkilledNursingCentersLinksTest@2344fc66]" name="quit" is-config="true" duration-ms="1917" started-at="2020-04-21T14:25:19Z" finished-at="2020-04-21T14:25:20Z">
          <reporter-output>
          </reporter-output>
        </test-method> <!-- quit -->
        <test-method status="SKIP" signature="nursingcentreslinks(java.util.Hashtable)[pri:0, instance:com.stonerisehealthcare.testcases.SkilledNursingCentersLinksTest@2344fc66]" name="nursingcentreslinks" duration-ms="3" started-at="2020-04-21T14:25:20Z" data-provider="getData" finished-at="2020-04-21T14:25:20Z">
          <params>
            <param index="0">
              <value>
                <![CDATA[{Runmode=N, Browser=ie}]]>
              </value>
            </param>
          </params>
          <exception class="org.testng.SkipException">
            <message>
              <![CDATA[Test skipped since rumode is N]]>
            </message>
            <full-stacktrace>
              <![CDATA[org.testng.SkipException: Test skipped since rumode is N
	at com.stonerisehealthcare.testcases.SkilledNursingCentersLinksTest.nursingcentreslinks(SkilledNursingCentersLinksTest.java:27)
	at sun.reflect.NativeMethodAccessorImpl.invoke0(Native Method)
	at sun.reflect.NativeMethodAccessorImpl.invoke(NativeMethodAccessorImpl.java:62)
	at sun.reflect.DelegatingMethodAccessorImpl.invoke(DelegatingMethodAccessorImpl.java:43)
	at java.lang.reflect.Method.invoke(Method.java:483)
	at org.testng.internal.MethodInvocationHelper.invokeMethod(MethodInvocationHelper.java:104)
	at org.testng.internal.Invoker.invokeMethod(Invoker.java:645)
	at org.testng.internal.Invoker.invokeTestMethod(Invoker.java:851)
	at org.testng.internal.Invoker.invokeTestMethods(Invoker.java:1177)
	at org.testng.internal.TestMethodWorker.invokeTestMethods(TestMethodWorker.java:129)
	at org.testng.internal.TestMethodWorker.run(TestMethodWorker.java:112)
	at org.testng.TestRunner.privateRun(TestRunner.java:756)
	at org.testng.TestRunner.run(TestRunner.java:610)
	at org.testng.SuiteRunner.runTest(SuiteRunner.java:387)
	at org.testng.SuiteRunner.runSequentially(SuiteRunner.java:382)
	at org.testng.SuiteRunner.privateRun(SuiteRunner.java:340)
	at org.testng.SuiteRunner.run(SuiteRunner.java:289)
	at org.testng.SuiteRunnerWorker.runSuite(SuiteRunnerWorker.java:52)
	at org.testng.SuiteRunnerWorker.run(SuiteRunnerWorker.java:86)
	at org.testng.TestNG.runSuitesSequentially(TestNG.java:1293)
	at org.testng.TestNG.runSuitesLocally(TestNG.java:1218)
	at org.testng.TestNG.runSuites(TestNG.java:1133)
	at org.testng.TestNG.run(TestNG.java:1104)
	at org.apache.maven.surefire.testng.TestNGExecutor.run(TestNGExecutor.java:283)
	at org.apache.maven.surefire.testng.TestNGXmlTestSuite.execute(TestNGXmlTestSuite.java:75)
	at org.apache.maven.surefire.testng.TestNGProvider.invoke(TestNGProvider.java:120)
	at org.apache.maven.surefire.booter.ForkedBooter.invokeProviderInSameClassLoader(ForkedBooter.java:384)
	at org.apache.maven.surefire.booter.ForkedBooter.runSuitesInProcess(ForkedBooter.java:345)
	at org.apache.maven.surefire.booter.ForkedBooter.execute(ForkedBooter.java:126)
	at org.apache.maven.surefire.booter.ForkedBooter.main(ForkedBooter.java:418)
]]>
            </full-stacktrace>
          </exception> <!-- org.testng.SkipException -->
          <reporter-output>
          </reporter-output>
        </test-method> <!-- nursingcentreslinks -->
        <test-method status="PASS" signature="initTest()[pri:0, instance:com.stonerisehealthcare.testcases.SkilledNursingCentersLinksTest@2344fc66]" name="initTest" is-config="true" duration-ms="0" started-at="2020-04-21T14:25:20Z" finished-at="2020-04-21T14:25:20Z">
          <reporter-output>
          </reporter-output>
        </test-method> <!-- initTest -->
        <test-method status="PASS" signature="quit()[pri:0, instance:com.stonerisehealthcare.testcases.SkilledNursingCentersLinksTest@2344fc66]" name="quit" is-config="true" duration-ms="54" started-at="2020-04-21T14:25:20Z" finished-at="2020-04-21T14:25:21Z">
          <reporter-output>
          </reporter-output>
        </test-method> <!-- quit -->
        <test-method status="SKIP" signature="nursingcentreslinks(java.util.Hashtable)[pri:0, instance:com.stonerisehealthcare.testcases.SkilledNursingCentersLinksTest@2344fc66]" name="nursingcentreslinks" duration-ms="1" started-at="2020-04-21T14:25:21Z" data-provider="getData" finished-at="2020-04-21T14:25:21Z">
          <params>
            <param index="0">
              <value>
                <![CDATA[{Runmode=N, Browser=Edge}]]>
              </value>
            </param>
          </params>
          <exception class="org.testng.SkipException">
            <message>
              <![CDATA[Test skipped since rumode is N]]>
            </message>
            <full-stacktrace>
              <![CDATA[org.testng.SkipException: Test skipped since rumode is N
	at com.stonerisehealthcare.testcases.SkilledNursingCentersLinksTest.nursingcentreslinks(SkilledNursingCentersLinksTest.java:27)
	at sun.reflect.NativeMethodAccessorImpl.invoke0(Native Method)
	at sun.reflect.NativeMethodAccessorImpl.invoke(NativeMethodAccessorImpl.java:62)
	at sun.reflect.DelegatingMethodAccessorImpl.invoke(DelegatingMethodAccessorImpl.java:43)
	at java.lang.reflect.Method.invoke(Method.java:483)
	at org.testng.internal.MethodInvocationHelper.invokeMethod(MethodInvocationHelper.java:104)
	at org.testng.internal.Invoker.invokeMethod(Invoker.java:645)
	at org.testng.internal.Invoker.invokeTestMethod(Invoker.java:851)
	at org.testng.internal.Invoker.invokeTestMethods(Invoker.java:1177)
	at org.testng.internal.TestMethodWorker.invokeTestMethods(TestMethodWorker.java:129)
	at org.testng.internal.TestMethodWorker.run(TestMethodWorker.java:112)
	at org.testng.TestRunner.privateRun(TestRunner.java:756)
	at org.testng.TestRunner.run(TestRunner.java:610)
	at org.testng.SuiteRunner.runTest(SuiteRunner.java:387)
	at org.testng.SuiteRunner.runSequentially(SuiteRunner.java:382)
	at org.testng.SuiteRunner.privateRun(SuiteRunner.java:340)
	at org.testng.SuiteRunner.run(SuiteRunner.java:289)
	at org.testng.SuiteRunnerWorker.runSuite(SuiteRunnerWorker.java:52)
	at org.testng.SuiteRunnerWorker.run(SuiteRunnerWorker.java:86)
	at org.testng.TestNG.runSuitesSequentially(TestNG.java:1293)
	at org.testng.TestNG.runSuitesLocally(TestNG.java:1218)
	at org.testng.TestNG.runSuites(TestNG.java:1133)
	at org.testng.TestNG.run(TestNG.java:1104)
	at org.apache.maven.surefire.testng.TestNGExecutor.run(TestNGExecutor.java:283)
	at org.apache.maven.surefire.testng.TestNGXmlTestSuite.execute(TestNGXmlTestSuite.java:75)
	at org.apache.maven.surefire.testng.TestNGProvider.invoke(TestNGProvider.java:120)
	at org.apache.maven.surefire.booter.ForkedBooter.invokeProviderInSameClassLoader(ForkedBooter.java:384)
	at org.apache.maven.surefire.booter.ForkedBooter.runSuitesInProcess(ForkedBooter.java:345)
	at org.apache.maven.surefire.booter.ForkedBooter.execute(ForkedBooter.java:126)
	at org.apache.maven.surefire.booter.ForkedBooter.main(ForkedBooter.java:418)
]]>
            </full-stacktrace>
          </exception> <!-- org.testng.SkipException -->
          <reporter-output>
          </reporter-output>
        </test-method> <!-- nursingcentreslinks -->
        <test-method status="PASS" signature="initTest()[pri:0, instance:com.stonerisehealthcare.testcases.SkilledNursingCentersLinksTest@2344fc66]" name="initTest" is-config="true" duration-ms="0" started-at="2020-04-21T14:25:21Z" finished-at="2020-04-21T14:25:21Z">
          <reporter-output>
          </reporter-output>
        </test-method> <!-- initTest -->
        <test-method status="PASS" signature="quit()[pri:0, instance:com.stonerisehealthcare.testcases.SkilledNursingCentersLinksTest@2344fc66]" name="quit" is-config="true" duration-ms="67" started-at="2020-04-21T14:25:21Z" finished-at="2020-04-21T14:25:21Z">
          <reporter-output>
          </reporter-output>
        </test-method> <!-- quit -->
      </class> <!-- com.stonerisehealthcare.testcases.SkilledNursingCentersLinksTest -->
    </test> <!-- SkilledNursingCentersLinksTest -->
    <test name="CareersLinkTest" duration-ms="47482" started-at="2020-04-21T04:25:21Z" finished-at="2020-04-21T04:26:08Z">
      <class name="com.stonerisehealthcare.testcases.Careers">
        <test-method status="PASS" signature="initialize()[pri:0, instance:com.stonerisehealthcare.testcases.Careers@66d2e7d9]" name="initialize" is-config="true" duration-ms="1" started-at="2020-04-21T14:25:21Z" finished-at="2020-04-21T14:25:21Z">
          <reporter-output>
          </reporter-output>
        </test-method> <!-- initialize -->
        <test-method status="PASS" signature="initTest()[pri:0, instance:com.stonerisehealthcare.testcases.Careers@66d2e7d9]" name="initTest" is-config="true" duration-ms="0" started-at="2020-04-21T14:25:21Z" finished-at="2020-04-21T14:25:21Z">
          <reporter-output>
          </reporter-output>
        </test-method> <!-- initTest -->
        <test-method status="PASS" signature="careerslink(java.util.Hashtable)[pri:0, instance:com.stonerisehealthcare.testcases.Careers@66d2e7d9]" name="careerslink" duration-ms="24873" started-at="2020-04-21T14:25:21Z" data-provider="getData" finished-at="2020-04-21T14:25:46Z">
          <params>
            <param index="0">
              <value>
                <![CDATA[{Zipcode=37214, Runmode=Y, JobTitle=Activity Aide, Browser=chrome}]]>
              </value>
            </param>
          </params>
          <reporter-output>
          </reporter-output>
        </test-method> <!-- careerslink -->
        <test-method status="PASS" signature="quit()[pri:0, instance:com.stonerisehealthcare.testcases.Careers@66d2e7d9]" name="quit" is-config="true" duration-ms="982" started-at="2020-04-21T14:25:46Z" finished-at="2020-04-21T14:25:47Z">
          <reporter-output>
          </reporter-output>
        </test-method> <!-- quit -->
        <test-method status="PASS" signature="initTest()[pri:0, instance:com.stonerisehealthcare.testcases.Careers@66d2e7d9]" name="initTest" is-config="true" duration-ms="1" started-at="2020-04-21T14:25:47Z" finished-at="2020-04-21T14:25:47Z">
          <reporter-output>
          </reporter-output>
        </test-method> <!-- initTest -->
        <test-method status="PASS" signature="careerslink(java.util.Hashtable)[pri:0, instance:com.stonerisehealthcare.testcases.Careers@66d2e7d9]" name="careerslink" duration-ms="20004" started-at="2020-04-21T14:25:47Z" data-provider="getData" finished-at="2020-04-21T14:26:07Z">
          <params>
            <param index="0">
              <value>
                <![CDATA[{Zipcode=37214, Runmode=Y, JobTitle=Center Nurse Practitioner, Browser=firefox}]]>
              </value>
            </param>
          </params>
          <reporter-output>
          </reporter-output>
        </test-method> <!-- careerslink -->
        <test-method status="PASS" signature="quit()[pri:0, instance:com.stonerisehealthcare.testcases.Careers@66d2e7d9]" name="quit" is-config="true" duration-ms="1424" started-at="2020-04-21T14:26:07Z" finished-at="2020-04-21T14:26:08Z">
          <reporter-output>
          </reporter-output>
        </test-method> <!-- quit -->
        <test-method status="SKIP" signature="careerslink(java.util.Hashtable)[pri:0, instance:com.stonerisehealthcare.testcases.Careers@66d2e7d9]" name="careerslink" duration-ms="1" started-at="2020-04-21T14:26:08Z" data-provider="getData" finished-at="2020-04-21T14:26:08Z">
          <params>
            <param index="0">
              <value>
                <![CDATA[{Zipcode=37214, Runmode=N, JobTitle=Activity Aide, Browser=ie}]]>
              </value>
            </param>
          </params>
          <exception class="org.testng.SkipException">
            <message>
              <![CDATA[Test skipped since rumode is N]]>
            </message>
            <full-stacktrace>
              <![CDATA[org.testng.SkipException: Test skipped since rumode is N
	at com.stonerisehealthcare.testcases.Careers.careerslink(Careers.java:28)
	at sun.reflect.NativeMethodAccessorImpl.invoke0(Native Method)
	at sun.reflect.NativeMethodAccessorImpl.invoke(NativeMethodAccessorImpl.java:62)
	at sun.reflect.DelegatingMethodAccessorImpl.invoke(DelegatingMethodAccessorImpl.java:43)
	at java.lang.reflect.Method.invoke(Method.java:483)
	at org.testng.internal.MethodInvocationHelper.invokeMethod(MethodInvocationHelper.java:104)
	at org.testng.internal.Invoker.invokeMethod(Invoker.java:645)
	at org.testng.internal.Invoker.invokeTestMethod(Invoker.java:851)
	at org.testng.internal.Invoker.invokeTestMethods(Invoker.java:1177)
	at org.testng.internal.TestMethodWorker.invokeTestMethods(TestMethodWorker.java:129)
	at org.testng.internal.TestMethodWorker.run(TestMethodWorker.java:112)
	at org.testng.TestRunner.privateRun(TestRunner.java:756)
	at org.testng.TestRunner.run(TestRunner.java:610)
	at org.testng.SuiteRunner.runTest(SuiteRunner.java:387)
	at org.testng.SuiteRunner.runSequentially(SuiteRunner.java:382)
	at org.testng.SuiteRunner.privateRun(SuiteRunner.java:340)
	at org.testng.SuiteRunner.run(SuiteRunner.java:289)
	at org.testng.SuiteRunnerWorker.runSuite(SuiteRunnerWorker.java:52)
	at org.testng.SuiteRunnerWorker.run(SuiteRunnerWorker.java:86)
	at org.testng.TestNG.runSuitesSequentially(TestNG.java:1293)
	at org.testng.TestNG.runSuitesLocally(TestNG.java:1218)
	at org.testng.TestNG.runSuites(TestNG.java:1133)
	at org.testng.TestNG.run(TestNG.java:1104)
	at org.apache.maven.surefire.testng.TestNGExecutor.run(TestNGExecutor.java:283)
	at org.apache.maven.surefire.testng.TestNGXmlTestSuite.execute(TestNGXmlTestSuite.java:75)
	at org.apache.maven.surefire.testng.TestNGProvider.invoke(TestNGProvider.java:120)
	at org.apache.maven.surefire.booter.ForkedBooter.invokeProviderInSameClassLoader(ForkedBooter.java:384)
	at org.apache.maven.surefire.booter.ForkedBooter.runSuitesInProcess(ForkedBooter.java:345)
	at org.apache.maven.surefire.booter.ForkedBooter.execute(ForkedBooter.java:126)
	at org.apache.maven.surefire.booter.ForkedBooter.main(ForkedBooter.java:418)
]]>
            </full-stacktrace>
          </exception> <!-- org.testng.SkipException -->
          <reporter-output>
          </reporter-output>
        </test-method> <!-- careerslink -->
        <test-method status="PASS" signature="initTest()[pri:0, instance:com.stonerisehealthcare.testcases.Careers@66d2e7d9]" name="initTest" is-config="true" duration-ms="0" started-at="2020-04-21T14:26:08Z" finished-at="2020-04-21T14:26:08Z">
          <reporter-output>
          </reporter-output>
        </test-method> <!-- initTest -->
        <test-method status="PASS" signature="quit()[pri:0, instance:com.stonerisehealthcare.testcases.Careers@66d2e7d9]" name="quit" is-config="true" duration-ms="65" started-at="2020-04-21T14:26:08Z" finished-at="2020-04-21T14:26:08Z">
          <reporter-output>
          </reporter-output>
        </test-method> <!-- quit -->
        <test-method status="SKIP" signature="careerslink(java.util.Hashtable)[pri:0, instance:com.stonerisehealthcare.testcases.Careers@66d2e7d9]" name="careerslink" duration-ms="1" started-at="2020-04-21T14:26:08Z" data-provider="getData" finished-at="2020-04-21T14:26:08Z">
          <params>
            <param index="0">
              <value>
                <![CDATA[{Zipcode=37214, Runmode=N, JobTitle=Center Nurse Practitioner, Browser=Edge}]]>
              </value>
            </param>
          </params>
          <exception class="org.testng.SkipException">
            <message>
              <![CDATA[Test skipped since rumode is N]]>
            </message>
            <full-stacktrace>
              <![CDATA[org.testng.SkipException: Test skipped since rumode is N
	at com.stonerisehealthcare.testcases.Careers.careerslink(Careers.java:28)
	at sun.reflect.NativeMethodAccessorImpl.invoke0(Native Method)
	at sun.reflect.NativeMethodAccessorImpl.invoke(NativeMethodAccessorImpl.java:62)
	at sun.reflect.DelegatingMethodAccessorImpl.invoke(DelegatingMethodAccessorImpl.java:43)
	at java.lang.reflect.Method.invoke(Method.java:483)
	at org.testng.internal.MethodInvocationHelper.invokeMethod(MethodInvocationHelper.java:104)
	at org.testng.internal.Invoker.invokeMethod(Invoker.java:645)
	at org.testng.internal.Invoker.invokeTestMethod(Invoker.java:851)
	at org.testng.internal.Invoker.invokeTestMethods(Invoker.java:1177)
	at org.testng.internal.TestMethodWorker.invokeTestMethods(TestMethodWorker.java:129)
	at org.testng.internal.TestMethodWorker.run(TestMethodWorker.java:112)
	at org.testng.TestRunner.privateRun(TestRunner.java:756)
	at org.testng.TestRunner.run(TestRunner.java:610)
	at org.testng.SuiteRunner.runTest(SuiteRunner.java:387)
	at org.testng.SuiteRunner.runSequentially(SuiteRunner.java:382)
	at org.testng.SuiteRunner.privateRun(SuiteRunner.java:340)
	at org.testng.SuiteRunner.run(SuiteRunner.java:289)
	at org.testng.SuiteRunnerWorker.runSuite(SuiteRunnerWorker.java:52)
	at org.testng.SuiteRunnerWorker.run(SuiteRunnerWorker.java:86)
	at org.testng.TestNG.runSuitesSequentially(TestNG.java:1293)
	at org.testng.TestNG.runSuitesLocally(TestNG.java:1218)
	at org.testng.TestNG.runSuites(TestNG.java:1133)
	at org.testng.TestNG.run(TestNG.java:1104)
	at org.apache.maven.surefire.testng.TestNGExecutor.run(TestNGExecutor.java:283)
	at org.apache.maven.surefire.testng.TestNGXmlTestSuite.execute(TestNGXmlTestSuite.java:75)
	at org.apache.maven.surefire.testng.TestNGProvider.invoke(TestNGProvider.java:120)
	at org.apache.maven.surefire.booter.ForkedBooter.invokeProviderInSameClassLoader(ForkedBooter.java:384)
	at org.apache.maven.surefire.booter.ForkedBooter.runSuitesInProcess(ForkedBooter.java:345)
	at org.apache.maven.surefire.booter.ForkedBooter.execute(ForkedBooter.java:126)
	at org.apache.maven.surefire.booter.ForkedBooter.main(ForkedBooter.java:418)
]]>
            </full-stacktrace>
          </exception> <!-- org.testng.SkipException -->
          <reporter-output>
          </reporter-output>
        </test-method> <!-- careerslink -->
        <test-method status="PASS" signature="initTest()[pri:0, instance:com.stonerisehealthcare.testcases.Careers@66d2e7d9]" name="initTest" is-config="true" duration-ms="0" started-at="2020-04-21T14:26:08Z" finished-at="2020-04-21T14:26:08Z">
          <reporter-output>
          </reporter-output>
        </test-method> <!-- initTest -->
        <test-method status="PASS" signature="quit()[pri:0, instance:com.stonerisehealthcare.testcases.Careers@66d2e7d9]" name="quit" is-config="true" duration-ms="62" started-at="2020-04-21T14:26:08Z" finished-at="2020-04-21T14:26:08Z">
          <reporter-output>
          </reporter-output>
        </test-method> <!-- quit -->
      </class> <!-- com.stonerisehealthcare.testcases.Careers -->
    </test> <!-- CareersLinkTest -->
    <test name="AboutUsLinkTest" duration-ms="43002" started-at="2020-04-21T04:26:08Z" finished-at="2020-04-21T04:26:51Z">
      <class name="com.stonerisehealthcare.testcases.AboutUs">
        <test-method status="PASS" signature="initialize()[pri:0, instance:com.stonerisehealthcare.testcases.AboutUs@402f32ff]" name="initialize" is-config="true" duration-ms="1" started-at="2020-04-21T14:26:08Z" finished-at="2020-04-21T14:26:08Z">
          <reporter-output>
          </reporter-output>
        </test-method> <!-- initialize -->
        <test-method status="PASS" signature="otherserviceslinks(java.util.Hashtable)[pri:0, instance:com.stonerisehealthcare.testcases.AboutUs@402f32ff]" name="otherserviceslinks" duration-ms="16843" started-at="2020-04-21T14:26:08Z" data-provider="getData" finished-at="2020-04-21T14:26:25Z">
          <params>
            <param index="0">
              <value>
                <![CDATA[{Runmode=Y, Browser=chrome}]]>
              </value>
            </param>
          </params>
          <reporter-output>
          </reporter-output>
        </test-method> <!-- otherserviceslinks -->
        <test-method status="PASS" signature="initTest()[pri:0, instance:com.stonerisehealthcare.testcases.AboutUs@402f32ff]" name="initTest" is-config="true" duration-ms="0" started-at="2020-04-21T14:26:08Z" finished-at="2020-04-21T14:26:08Z">
          <reporter-output>
          </reporter-output>
        </test-method> <!-- initTest -->
        <test-method status="PASS" signature="quit()[pri:0, instance:com.stonerisehealthcare.testcases.AboutUs@402f32ff]" name="quit" is-config="true" duration-ms="813" started-at="2020-04-21T14:26:25Z" finished-at="2020-04-21T14:26:26Z">
          <reporter-output>
          </reporter-output>
        </test-method> <!-- quit -->
        <test-method status="PASS" signature="initTest()[pri:0, instance:com.stonerisehealthcare.testcases.AboutUs@402f32ff]" name="initTest" is-config="true" duration-ms="1" started-at="2020-04-21T14:26:26Z" finished-at="2020-04-21T14:26:26Z">
          <reporter-output>
          </reporter-output>
        </test-method> <!-- initTest -->
        <test-method status="PASS" signature="otherserviceslinks(java.util.Hashtable)[pri:0, instance:com.stonerisehealthcare.testcases.AboutUs@402f32ff]" name="otherserviceslinks" duration-ms="23930" started-at="2020-04-21T14:26:26Z" data-provider="getData" finished-at="2020-04-21T14:26:50Z">
          <params>
            <param index="0">
              <value>
                <![CDATA[{Runmode=Y, Browser=firefox}]]>
              </value>
            </param>
          </params>
          <reporter-output>
          </reporter-output>
        </test-method> <!-- otherserviceslinks -->
        <test-method status="PASS" signature="quit()[pri:0, instance:com.stonerisehealthcare.testcases.AboutUs@402f32ff]" name="quit" is-config="true" duration-ms="1208" started-at="2020-04-21T14:26:50Z" finished-at="2020-04-21T14:26:51Z">
          <reporter-output>
          </reporter-output>
        </test-method> <!-- quit -->
        <test-method status="PASS" signature="initTest()[pri:0, instance:com.stonerisehealthcare.testcases.AboutUs@402f32ff]" name="initTest" is-config="true" duration-ms="1" started-at="2020-04-21T14:26:51Z" finished-at="2020-04-21T14:26:51Z">
          <reporter-output>
          </reporter-output>
        </test-method> <!-- initTest -->
        <test-method status="SKIP" signature="otherserviceslinks(java.util.Hashtable)[pri:0, instance:com.stonerisehealthcare.testcases.AboutUs@402f32ff]" name="otherserviceslinks" duration-ms="1" started-at="2020-04-21T14:26:51Z" data-provider="getData" finished-at="2020-04-21T14:26:51Z">
          <params>
            <param index="0">
              <value>
                <![CDATA[{Runmode=N, Browser=ie}]]>
              </value>
            </param>
          </params>
          <exception class="org.testng.SkipException">
            <message>
              <![CDATA[Test skipped since rumode is N]]>
            </message>
            <full-stacktrace>
              <![CDATA[org.testng.SkipException: Test skipped since rumode is N
	at com.stonerisehealthcare.testcases.AboutUs.otherserviceslinks(AboutUs.java:28)
	at sun.reflect.NativeMethodAccessorImpl.invoke0(Native Method)
	at sun.reflect.NativeMethodAccessorImpl.invoke(NativeMethodAccessorImpl.java:62)
	at sun.reflect.DelegatingMethodAccessorImpl.invoke(DelegatingMethodAccessorImpl.java:43)
	at java.lang.reflect.Method.invoke(Method.java:483)
	at org.testng.internal.MethodInvocationHelper.invokeMethod(MethodInvocationHelper.java:104)
	at org.testng.internal.Invoker.invokeMethod(Invoker.java:645)
	at org.testng.internal.Invoker.invokeTestMethod(Invoker.java:851)
	at org.testng.internal.Invoker.invokeTestMethods(Invoker.java:1177)
	at org.testng.internal.TestMethodWorker.invokeTestMethods(TestMethodWorker.java:129)
	at org.testng.internal.TestMethodWorker.run(TestMethodWorker.java:112)
	at org.testng.TestRunner.privateRun(TestRunner.java:756)
	at org.testng.TestRunner.run(TestRunner.java:610)
	at org.testng.SuiteRunner.runTest(SuiteRunner.java:387)
	at org.testng.SuiteRunner.runSequentially(SuiteRunner.java:382)
	at org.testng.SuiteRunner.privateRun(SuiteRunner.java:340)
	at org.testng.SuiteRunner.run(SuiteRunner.java:289)
	at org.testng.SuiteRunnerWorker.runSuite(SuiteRunnerWorker.java:52)
	at org.testng.SuiteRunnerWorker.run(SuiteRunnerWorker.java:86)
	at org.testng.TestNG.runSuitesSequentially(TestNG.java:1293)
	at org.testng.TestNG.runSuitesLocally(TestNG.java:1218)
	at org.testng.TestNG.runSuites(TestNG.java:1133)
	at org.testng.TestNG.run(TestNG.java:1104)
	at org.apache.maven.surefire.testng.TestNGExecutor.run(TestNGExecutor.java:283)
	at org.apache.maven.surefire.testng.TestNGXmlTestSuite.execute(TestNGXmlTestSuite.java:75)
	at org.apache.maven.surefire.testng.TestNGProvider.invoke(TestNGProvider.java:120)
	at org.apache.maven.surefire.booter.ForkedBooter.invokeProviderInSameClassLoader(ForkedBooter.java:384)
	at org.apache.maven.surefire.booter.ForkedBooter.runSuitesInProcess(ForkedBooter.java:345)
	at org.apache.maven.surefire.booter.ForkedBooter.execute(ForkedBooter.java:126)
	at org.apache.maven.surefire.booter.ForkedBooter.main(ForkedBooter.java:418)
]]>
            </full-stacktrace>
          </exception> <!-- org.testng.SkipException -->
          <reporter-output>
          </reporter-output>
        </test-method> <!-- otherserviceslinks -->
        <test-method status="PASS" signature="quit()[pri:0, instance:com.stonerisehealthcare.testcases.AboutUs@402f32ff]" name="quit" is-config="true" duration-ms="62" started-at="2020-04-21T14:26:51Z" finished-at="2020-04-21T14:26:51Z">
          <reporter-output>
          </reporter-output>
        </test-method> <!-- quit -->
        <test-method status="PASS" signature="initTest()[pri:0, instance:com.stonerisehealthcare.testcases.AboutUs@402f32ff]" name="initTest" is-config="true" duration-ms="0" started-at="2020-04-21T14:26:51Z" finished-at="2020-04-21T14:26:51Z">
          <reporter-output>
          </reporter-output>
        </test-method> <!-- initTest -->
        <test-method status="SKIP" signature="otherserviceslinks(java.util.Hashtable)[pri:0, instance:com.stonerisehealthcare.testcases.AboutUs@402f32ff]" name="otherserviceslinks" duration-ms="1" started-at="2020-04-21T14:26:51Z" data-provider="getData" finished-at="2020-04-21T14:26:51Z">
          <params>
            <param index="0">
              <value>
                <![CDATA[{Runmode=N, Browser=Edge}]]>
              </value>
            </param>
          </params>
          <exception class="org.testng.SkipException">
            <message>
              <![CDATA[Test skipped since rumode is N]]>
            </message>
            <full-stacktrace>
              <![CDATA[org.testng.SkipException: Test skipped since rumode is N
	at com.stonerisehealthcare.testcases.AboutUs.otherserviceslinks(AboutUs.java:28)
	at sun.reflect.NativeMethodAccessorImpl.invoke0(Native Method)
	at sun.reflect.NativeMethodAccessorImpl.invoke(NativeMethodAccessorImpl.java:62)
	at sun.reflect.DelegatingMethodAccessorImpl.invoke(DelegatingMethodAccessorImpl.java:43)
	at java.lang.reflect.Method.invoke(Method.java:483)
	at org.testng.internal.MethodInvocationHelper.invokeMethod(MethodInvocationHelper.java:104)
	at org.testng.internal.Invoker.invokeMethod(Invoker.java:645)
	at org.testng.internal.Invoker.invokeTestMethod(Invoker.java:851)
	at org.testng.internal.Invoker.invokeTestMethods(Invoker.java:1177)
	at org.testng.internal.TestMethodWorker.invokeTestMethods(TestMethodWorker.java:129)
	at org.testng.internal.TestMethodWorker.run(TestMethodWorker.java:112)
	at org.testng.TestRunner.privateRun(TestRunner.java:756)
	at org.testng.TestRunner.run(TestRunner.java:610)
	at org.testng.SuiteRunner.runTest(SuiteRunner.java:387)
	at org.testng.SuiteRunner.runSequentially(SuiteRunner.java:382)
	at org.testng.SuiteRunner.privateRun(SuiteRunner.java:340)
	at org.testng.SuiteRunner.run(SuiteRunner.java:289)
	at org.testng.SuiteRunnerWorker.runSuite(SuiteRunnerWorker.java:52)
	at org.testng.SuiteRunnerWorker.run(SuiteRunnerWorker.java:86)
	at org.testng.TestNG.runSuitesSequentially(TestNG.java:1293)
	at org.testng.TestNG.runSuitesLocally(TestNG.java:1218)
	at org.testng.TestNG.runSuites(TestNG.java:1133)
	at org.testng.TestNG.run(TestNG.java:1104)
	at org.apache.maven.surefire.testng.TestNGExecutor.run(TestNGExecutor.java:283)
	at org.apache.maven.surefire.testng.TestNGXmlTestSuite.execute(TestNGXmlTestSuite.java:75)
	at org.apache.maven.surefire.testng.TestNGProvider.invoke(TestNGProvider.java:120)
	at org.apache.maven.surefire.booter.ForkedBooter.invokeProviderInSameClassLoader(ForkedBooter.java:384)
	at org.apache.maven.surefire.booter.ForkedBooter.runSuitesInProcess(ForkedBooter.java:345)
	at org.apache.maven.surefire.booter.ForkedBooter.execute(ForkedBooter.java:126)
	at org.apache.maven.surefire.booter.ForkedBooter.main(ForkedBooter.java:418)
]]>
            </full-stacktrace>
          </exception> <!-- org.testng.SkipException -->
          <reporter-output>
          </reporter-output>
        </test-method> <!-- otherserviceslinks -->
        <test-method status="PASS" signature="quit()[pri:0, instance:com.stonerisehealthcare.testcases.AboutUs@402f32ff]" name="quit" is-config="true" duration-ms="80" started-at="2020-04-21T14:26:51Z" finished-at="2020-04-21T14:26:51Z">
          <reporter-output>
          </reporter-output>
        </test-method> <!-- quit -->
      </class> <!-- com.stonerisehealthcare.testcases.AboutUs -->
    </test> <!-- AboutUsLinkTest -->
    <test name="ContactLinkTest" duration-ms="35302" started-at="2020-04-21T04:26:51Z" finished-at="2020-04-21T04:27:26Z">
      <class name="com.stonerisehealthcare.testcases.Contact">
        <test-method status="PASS" signature="initialize()[pri:0, instance:com.stonerisehealthcare.testcases.Contact@50c87b21]" name="initialize" is-config="true" duration-ms="0" started-at="2020-04-21T14:26:51Z" finished-at="2020-04-21T14:26:51Z">
          <reporter-output>
          </reporter-output>
        </test-method> <!-- initialize -->
        <test-method status="PASS" signature="otherserviceslinks(java.util.Hashtable)[pri:0, instance:com.stonerisehealthcare.testcases.Contact@50c87b21]" name="otherserviceslinks" duration-ms="19342" started-at="2020-04-21T14:26:51Z" data-provider="getData" finished-at="2020-04-21T14:27:11Z">
          <params>
            <param index="0">
              <value>
                <![CDATA[{Runmode=Y, Browser=chrome}]]>
              </value>
            </param>
          </params>
          <reporter-output>
          </reporter-output>
        </test-method> <!-- otherserviceslinks -->
        <test-method status="PASS" signature="initTest()[pri:0, instance:com.stonerisehealthcare.testcases.Contact@50c87b21]" name="initTest" is-config="true" duration-ms="0" started-at="2020-04-21T14:26:51Z" finished-at="2020-04-21T14:26:51Z">
          <reporter-output>
          </reporter-output>
        </test-method> <!-- initTest -->
        <test-method status="PASS" signature="quit()[pri:0, instance:com.stonerisehealthcare.testcases.Contact@50c87b21]" name="quit" is-config="true" duration-ms="959" started-at="2020-04-21T14:27:11Z" finished-at="2020-04-21T14:27:11Z">
          <reporter-output>
          </reporter-output>
        </test-method> <!-- quit -->
        <test-method status="PASS" signature="otherserviceslinks(java.util.Hashtable)[pri:0, instance:com.stonerisehealthcare.testcases.Contact@50c87b21]" name="otherserviceslinks" duration-ms="13375" started-at="2020-04-21T14:27:11Z" data-provider="getData" finished-at="2020-04-21T14:27:25Z">
          <params>
            <param index="0">
              <value>
                <![CDATA[{Runmode=Y, Browser=firefox}]]>
              </value>
            </param>
          </params>
          <reporter-output>
          </reporter-output>
        </test-method> <!-- otherserviceslinks -->
        <test-method status="PASS" signature="initTest()[pri:0, instance:com.stonerisehealthcare.testcases.Contact@50c87b21]" name="initTest" is-config="true" duration-ms="0" started-at="2020-04-21T14:27:11Z" finished-at="2020-04-21T14:27:11Z">
          <reporter-output>
          </reporter-output>
        </test-method> <!-- initTest -->
        <test-method status="PASS" signature="quit()[pri:0, instance:com.stonerisehealthcare.testcases.Contact@50c87b21]" name="quit" is-config="true" duration-ms="1463" started-at="2020-04-21T14:27:25Z" finished-at="2020-04-21T14:27:26Z">
          <reporter-output>
          </reporter-output>
        </test-method> <!-- quit -->
        <test-method status="PASS" signature="initTest()[pri:0, instance:com.stonerisehealthcare.testcases.Contact@50c87b21]" name="initTest" is-config="true" duration-ms="0" started-at="2020-04-21T14:27:26Z" finished-at="2020-04-21T14:27:26Z">
          <reporter-output>
          </reporter-output>
        </test-method> <!-- initTest -->
        <test-method status="SKIP" signature="otherserviceslinks(java.util.Hashtable)[pri:0, instance:com.stonerisehealthcare.testcases.Contact@50c87b21]" name="otherserviceslinks" duration-ms="1" started-at="2020-04-21T14:27:26Z" data-provider="getData" finished-at="2020-04-21T14:27:26Z">
          <params>
            <param index="0">
              <value>
                <![CDATA[{Runmode=N, Browser=ie}]]>
              </value>
            </param>
          </params>
          <exception class="org.testng.SkipException">
            <message>
              <![CDATA[Test skipped since rumode is N]]>
            </message>
            <full-stacktrace>
              <![CDATA[org.testng.SkipException: Test skipped since rumode is N
	at com.stonerisehealthcare.testcases.Contact.otherserviceslinks(Contact.java:28)
	at sun.reflect.NativeMethodAccessorImpl.invoke0(Native Method)
	at sun.reflect.NativeMethodAccessorImpl.invoke(NativeMethodAccessorImpl.java:62)
	at sun.reflect.DelegatingMethodAccessorImpl.invoke(DelegatingMethodAccessorImpl.java:43)
	at java.lang.reflect.Method.invoke(Method.java:483)
	at org.testng.internal.MethodInvocationHelper.invokeMethod(MethodInvocationHelper.java:104)
	at org.testng.internal.Invoker.invokeMethod(Invoker.java:645)
	at org.testng.internal.Invoker.invokeTestMethod(Invoker.java:851)
	at org.testng.internal.Invoker.invokeTestMethods(Invoker.java:1177)
	at org.testng.internal.TestMethodWorker.invokeTestMethods(TestMethodWorker.java:129)
	at org.testng.internal.TestMethodWorker.run(TestMethodWorker.java:112)
	at org.testng.TestRunner.privateRun(TestRunner.java:756)
	at org.testng.TestRunner.run(TestRunner.java:610)
	at org.testng.SuiteRunner.runTest(SuiteRunner.java:387)
	at org.testng.SuiteRunner.runSequentially(SuiteRunner.java:382)
	at org.testng.SuiteRunner.privateRun(SuiteRunner.java:340)
	at org.testng.SuiteRunner.run(SuiteRunner.java:289)
	at org.testng.SuiteRunnerWorker.runSuite(SuiteRunnerWorker.java:52)
	at org.testng.SuiteRunnerWorker.run(SuiteRunnerWorker.java:86)
	at org.testng.TestNG.runSuitesSequentially(TestNG.java:1293)
	at org.testng.TestNG.runSuitesLocally(TestNG.java:1218)
	at org.testng.TestNG.runSuites(TestNG.java:1133)
	at org.testng.TestNG.run(TestNG.java:1104)
	at org.apache.maven.surefire.testng.TestNGExecutor.run(TestNGExecutor.java:283)
	at org.apache.maven.surefire.testng.TestNGXmlTestSuite.execute(TestNGXmlTestSuite.java:75)
	at org.apache.maven.surefire.testng.TestNGProvider.invoke(TestNGProvider.java:120)
	at org.apache.maven.surefire.booter.ForkedBooter.invokeProviderInSameClassLoader(ForkedBooter.java:384)
	at org.apache.maven.surefire.booter.ForkedBooter.runSuitesInProcess(ForkedBooter.java:345)
	at org.apache.maven.surefire.booter.ForkedBooter.execute(ForkedBooter.java:126)
	at org.apache.maven.surefire.booter.ForkedBooter.main(ForkedBooter.java:418)
]]>
            </full-stacktrace>
          </exception> <!-- org.testng.SkipException -->
          <reporter-output>
          </reporter-output>
        </test-method> <!-- otherserviceslinks -->
        <test-method status="PASS" signature="quit()[pri:0, instance:com.stonerisehealthcare.testcases.Contact@50c87b21]" name="quit" is-config="true" duration-ms="44" started-at="2020-04-21T14:27:26Z" finished-at="2020-04-21T14:27:26Z">
          <reporter-output>
          </reporter-output>
        </test-method> <!-- quit -->
        <test-method status="SKIP" signature="otherserviceslinks(java.util.Hashtable)[pri:0, instance:com.stonerisehealthcare.testcases.Contact@50c87b21]" name="otherserviceslinks" duration-ms="2" started-at="2020-04-21T14:27:26Z" data-provider="getData" finished-at="2020-04-21T14:27:26Z">
          <params>
            <param index="0">
              <value>
                <![CDATA[{Runmode=N, Browser=Edge}]]>
              </value>
            </param>
          </params>
          <exception class="org.testng.SkipException">
            <message>
              <![CDATA[Test skipped since rumode is N]]>
            </message>
            <full-stacktrace>
              <![CDATA[org.testng.SkipException: Test skipped since rumode is N
	at com.stonerisehealthcare.testcases.Contact.otherserviceslinks(Contact.java:28)
	at sun.reflect.NativeMethodAccessorImpl.invoke0(Native Method)
	at sun.reflect.NativeMethodAccessorImpl.invoke(NativeMethodAccessorImpl.java:62)
	at sun.reflect.DelegatingMethodAccessorImpl.invoke(DelegatingMethodAccessorImpl.java:43)
	at java.lang.reflect.Method.invoke(Method.java:483)
	at org.testng.internal.MethodInvocationHelper.invokeMethod(MethodInvocationHelper.java:104)
	at org.testng.internal.Invoker.invokeMethod(Invoker.java:645)
	at org.testng.internal.Invoker.invokeTestMethod(Invoker.java:851)
	at org.testng.internal.Invoker.invokeTestMethods(Invoker.java:1177)
	at org.testng.internal.TestMethodWorker.invokeTestMethods(TestMethodWorker.java:129)
	at org.testng.internal.TestMethodWorker.run(TestMethodWorker.java:112)
	at org.testng.TestRunner.privateRun(TestRunner.java:756)
	at org.testng.TestRunner.run(TestRunner.java:610)
	at org.testng.SuiteRunner.runTest(SuiteRunner.java:387)
	at org.testng.SuiteRunner.runSequentially(SuiteRunner.java:382)
	at org.testng.SuiteRunner.privateRun(SuiteRunner.java:340)
	at org.testng.SuiteRunner.run(SuiteRunner.java:289)
	at org.testng.SuiteRunnerWorker.runSuite(SuiteRunnerWorker.java:52)
	at org.testng.SuiteRunnerWorker.run(SuiteRunnerWorker.java:86)
	at org.testng.TestNG.runSuitesSequentially(TestNG.java:1293)
	at org.testng.TestNG.runSuitesLocally(TestNG.java:1218)
	at org.testng.TestNG.runSuites(TestNG.java:1133)
	at org.testng.TestNG.run(TestNG.java:1104)
	at org.apache.maven.surefire.testng.TestNGExecutor.run(TestNGExecutor.java:283)
	at org.apache.maven.surefire.testng.TestNGXmlTestSuite.execute(TestNGXmlTestSuite.java:75)
	at org.apache.maven.surefire.testng.TestNGProvider.invoke(TestNGProvider.java:120)
	at org.apache.maven.surefire.booter.ForkedBooter.invokeProviderInSameClassLoader(ForkedBooter.java:384)
	at org.apache.maven.surefire.booter.ForkedBooter.runSuitesInProcess(ForkedBooter.java:345)
	at org.apache.maven.surefire.booter.ForkedBooter.execute(ForkedBooter.java:126)
	at org.apache.maven.surefire.booter.ForkedBooter.main(ForkedBooter.java:418)
]]>
            </full-stacktrace>
          </exception> <!-- org.testng.SkipException -->
          <reporter-output>
          </reporter-output>
        </test-method> <!-- otherserviceslinks -->
        <test-method status="PASS" signature="initTest()[pri:0, instance:com.stonerisehealthcare.testcases.Contact@50c87b21]" name="initTest" is-config="true" duration-ms="0" started-at="2020-04-21T14:27:26Z" finished-at="2020-04-21T14:27:26Z">
          <reporter-output>
          </reporter-output>
        </test-method> <!-- initTest -->
        <test-method status="PASS" signature="quit()[pri:0, instance:com.stonerisehealthcare.testcases.Contact@50c87b21]" name="quit" is-config="true" duration-ms="66" started-at="2020-04-21T14:27:26Z" finished-at="2020-04-21T14:27:26Z">
          <reporter-output>
          </reporter-output>
        </test-method> <!-- quit -->
      </class> <!-- com.stonerisehealthcare.testcases.Contact -->
    </test> <!-- ContactLinkTest -->
    <test name="ResourcesLinkTest" duration-ms="286203" started-at="2020-04-21T04:27:26Z" finished-at="2020-04-21T04:32:13Z">
      <class name="com.stonerisehealthcare.testcases.Resources">
        <test-method status="PASS" signature="initialize()[pri:0, instance:com.stonerisehealthcare.testcases.Resources@23ceabc1]" name="initialize" is-config="true" duration-ms="0" started-at="2020-04-21T14:27:26Z" finished-at="2020-04-21T14:27:26Z">
          <reporter-output>
          </reporter-output>
        </test-method> <!-- initialize -->
        <test-method status="PASS" signature="otherserviceslinks(java.util.Hashtable)[pri:0, instance:com.stonerisehealthcare.testcases.Resources@23ceabc1]" name="otherserviceslinks" duration-ms="201213" started-at="2020-04-21T14:27:27Z" data-provider="getData" finished-at="2020-04-21T14:30:48Z">
          <params>
            <param index="0">
              <value>
                <![CDATA[{Runmode=Y, Browser=chrome}]]>
              </value>
            </param>
          </params>
          <reporter-output>
          </reporter-output>
        </test-method> <!-- otherserviceslinks -->
        <test-method status="PASS" signature="initTest()[pri:0, instance:com.stonerisehealthcare.testcases.Resources@23ceabc1]" name="initTest" is-config="true" duration-ms="0" started-at="2020-04-21T14:27:27Z" finished-at="2020-04-21T14:27:27Z">
          <reporter-output>
          </reporter-output>
        </test-method> <!-- initTest -->
        <test-method status="PASS" signature="quit()[pri:0, instance:com.stonerisehealthcare.testcases.Resources@23ceabc1]" name="quit" is-config="true" duration-ms="1366" started-at="2020-04-21T14:30:48Z" finished-at="2020-04-21T14:30:49Z">
          <reporter-output>
          </reporter-output>
        </test-method> <!-- quit -->
        <test-method status="PASS" signature="initTest()[pri:0, instance:com.stonerisehealthcare.testcases.Resources@23ceabc1]" name="initTest" is-config="true" duration-ms="0" started-at="2020-04-21T14:30:49Z" finished-at="2020-04-21T14:30:49Z">
          <reporter-output>
          </reporter-output>
        </test-method> <!-- initTest -->
        <test-method status="PASS" signature="otherserviceslinks(java.util.Hashtable)[pri:0, instance:com.stonerisehealthcare.testcases.Resources@23ceabc1]" name="otherserviceslinks" duration-ms="81056" started-at="2020-04-21T14:30:49Z" data-provider="getData" finished-at="2020-04-21T14:32:10Z">
          <params>
            <param index="0">
              <value>
                <![CDATA[{Runmode=Y, Browser=firefox}]]>
              </value>
            </param>
          </params>
          <reporter-output>
          </reporter-output>
        </test-method> <!-- otherserviceslinks -->
        <test-method status="PASS" signature="quit()[pri:0, instance:com.stonerisehealthcare.testcases.Resources@23ceabc1]" name="quit" is-config="true" duration-ms="2376" started-at="2020-04-21T14:32:10Z" finished-at="2020-04-21T14:32:13Z">
          <reporter-output>
          </reporter-output>
        </test-method> <!-- quit -->
        <test-method status="SKIP" signature="otherserviceslinks(java.util.Hashtable)[pri:0, instance:com.stonerisehealthcare.testcases.Resources@23ceabc1]" name="otherserviceslinks" duration-ms="0" started-at="2020-04-21T14:32:13Z" data-provider="getData" finished-at="2020-04-21T14:32:13Z">
          <params>
            <param index="0">
              <value>
                <![CDATA[{Runmode=N, Browser=ie}]]>
              </value>
            </param>
          </params>
          <exception class="org.testng.SkipException">
            <message>
              <![CDATA[Test skipped since rumode is N]]>
            </message>
            <full-stacktrace>
              <![CDATA[org.testng.SkipException: Test skipped since rumode is N
	at com.stonerisehealthcare.testcases.Resources.otherserviceslinks(Resources.java:28)
	at sun.reflect.NativeMethodAccessorImpl.invoke0(Native Method)
	at sun.reflect.NativeMethodAccessorImpl.invoke(NativeMethodAccessorImpl.java:62)
	at sun.reflect.DelegatingMethodAccessorImpl.invoke(DelegatingMethodAccessorImpl.java:43)
	at java.lang.reflect.Method.invoke(Method.java:483)
	at org.testng.internal.MethodInvocationHelper.invokeMethod(MethodInvocationHelper.java:104)
	at org.testng.internal.Invoker.invokeMethod(Invoker.java:645)
	at org.testng.internal.Invoker.invokeTestMethod(Invoker.java:851)
	at org.testng.internal.Invoker.invokeTestMethods(Invoker.java:1177)
	at org.testng.internal.TestMethodWorker.invokeTestMethods(TestMethodWorker.java:129)
	at org.testng.internal.TestMethodWorker.run(TestMethodWorker.java:112)
	at org.testng.TestRunner.privateRun(TestRunner.java:756)
	at org.testng.TestRunner.run(TestRunner.java:610)
	at org.testng.SuiteRunner.runTest(SuiteRunner.java:387)
	at org.testng.SuiteRunner.runSequentially(SuiteRunner.java:382)
	at org.testng.SuiteRunner.privateRun(SuiteRunner.java:340)
	at org.testng.SuiteRunner.run(SuiteRunner.java:289)
	at org.testng.SuiteRunnerWorker.runSuite(SuiteRunnerWorker.java:52)
	at org.testng.SuiteRunnerWorker.run(SuiteRunnerWorker.java:86)
	at org.testng.TestNG.runSuitesSequentially(TestNG.java:1293)
	at org.testng.TestNG.runSuitesLocally(TestNG.java:1218)
	at org.testng.TestNG.runSuites(TestNG.java:1133)
	at org.testng.TestNG.run(TestNG.java:1104)
	at org.apache.maven.surefire.testng.TestNGExecutor.run(TestNGExecutor.java:283)
	at org.apache.maven.surefire.testng.TestNGXmlTestSuite.execute(TestNGXmlTestSuite.java:75)
	at org.apache.maven.surefire.testng.TestNGProvider.invoke(TestNGProvider.java:120)
	at org.apache.maven.surefire.booter.ForkedBooter.invokeProviderInSameClassLoader(ForkedBooter.java:384)
	at org.apache.maven.surefire.booter.ForkedBooter.runSuitesInProcess(ForkedBooter.java:345)
	at org.apache.maven.surefire.booter.ForkedBooter.execute(ForkedBooter.java:126)
	at org.apache.maven.surefire.booter.ForkedBooter.main(ForkedBooter.java:418)
]]>
            </full-stacktrace>
          </exception> <!-- org.testng.SkipException -->
          <reporter-output>
          </reporter-output>
        </test-method> <!-- otherserviceslinks -->
        <test-method status="PASS" signature="initTest()[pri:0, instance:com.stonerisehealthcare.testcases.Resources@23ceabc1]" name="initTest" is-config="true" duration-ms="0" started-at="2020-04-21T14:32:13Z" finished-at="2020-04-21T14:32:13Z">
          <reporter-output>
          </reporter-output>
        </test-method> <!-- initTest -->
        <test-method status="PASS" signature="quit()[pri:0, instance:com.stonerisehealthcare.testcases.Resources@23ceabc1]" name="quit" is-config="true" duration-ms="55" started-at="2020-04-21T14:32:13Z" finished-at="2020-04-21T14:32:13Z">
          <reporter-output>
          </reporter-output>
        </test-method> <!-- quit -->
        <test-method status="SKIP" signature="otherserviceslinks(java.util.Hashtable)[pri:0, instance:com.stonerisehealthcare.testcases.Resources@23ceabc1]" name="otherserviceslinks" duration-ms="2" started-at="2020-04-21T14:32:13Z" data-provider="getData" finished-at="2020-04-21T14:32:13Z">
          <params>
            <param index="0">
              <value>
                <![CDATA[{Runmode=N, Browser=Edge}]]>
              </value>
            </param>
          </params>
          <exception class="org.testng.SkipException">
            <message>
              <![CDATA[Test skipped since rumode is N]]>
            </message>
            <full-stacktrace>
              <![CDATA[org.testng.SkipException: Test skipped since rumode is N
	at com.stonerisehealthcare.testcases.Resources.otherserviceslinks(Resources.java:28)
	at sun.reflect.NativeMethodAccessorImpl.invoke0(Native Method)
	at sun.reflect.NativeMethodAccessorImpl.invoke(NativeMethodAccessorImpl.java:62)
	at sun.reflect.DelegatingMethodAccessorImpl.invoke(DelegatingMethodAccessorImpl.java:43)
	at java.lang.reflect.Method.invoke(Method.java:483)
	at org.testng.internal.MethodInvocationHelper.invokeMethod(MethodInvocationHelper.java:104)
	at org.testng.internal.Invoker.invokeMethod(Invoker.java:645)
	at org.testng.internal.Invoker.invokeTestMethod(Invoker.java:851)
	at org.testng.internal.Invoker.invokeTestMethods(Invoker.java:1177)
	at org.testng.internal.TestMethodWorker.invokeTestMethods(TestMethodWorker.java:129)
	at org.testng.internal.TestMethodWorker.run(TestMethodWorker.java:112)
	at org.testng.TestRunner.privateRun(TestRunner.java:756)
	at org.testng.TestRunner.run(TestRunner.java:610)
	at org.testng.SuiteRunner.runTest(SuiteRunner.java:387)
	at org.testng.SuiteRunner.runSequentially(SuiteRunner.java:382)
	at org.testng.SuiteRunner.privateRun(SuiteRunner.java:340)
	at org.testng.SuiteRunner.run(SuiteRunner.java:289)
	at org.testng.SuiteRunnerWorker.runSuite(SuiteRunnerWorker.java:52)
	at org.testng.SuiteRunnerWorker.run(SuiteRunnerWorker.java:86)
	at org.testng.TestNG.runSuitesSequentially(TestNG.java:1293)
	at org.testng.TestNG.runSuitesLocally(TestNG.java:1218)
	at org.testng.TestNG.runSuites(TestNG.java:1133)
	at org.testng.TestNG.run(TestNG.java:1104)
	at org.apache.maven.surefire.testng.TestNGExecutor.run(TestNGExecutor.java:283)
	at org.apache.maven.surefire.testng.TestNGXmlTestSuite.execute(TestNGXmlTestSuite.java:75)
	at org.apache.maven.surefire.testng.TestNGProvider.invoke(TestNGProvider.java:120)
	at org.apache.maven.surefire.booter.ForkedBooter.invokeProviderInSameClassLoader(ForkedBooter.java:384)
	at org.apache.maven.surefire.booter.ForkedBooter.runSuitesInProcess(ForkedBooter.java:345)
	at org.apache.maven.surefire.booter.ForkedBooter.execute(ForkedBooter.java:126)
	at org.apache.maven.surefire.booter.ForkedBooter.main(ForkedBooter.java:418)
]]>
            </full-stacktrace>
          </exception> <!-- org.testng.SkipException -->
          <reporter-output>
          </reporter-output>
        </test-method> <!-- otherserviceslinks -->
        <test-method status="PASS" signature="initTest()[pri:0, instance:com.stonerisehealthcare.testcases.Resources@23ceabc1]" name="initTest" is-config="true" duration-ms="0" started-at="2020-04-21T14:32:13Z" finished-at="2020-04-21T14:32:13Z">
          <reporter-output>
          </reporter-output>
        </test-method> <!-- initTest -->
        <test-method status="PASS" signature="quit()[pri:0, instance:com.stonerisehealthcare.testcases.Resources@23ceabc1]" name="quit" is-config="true" duration-ms="46" started-at="2020-04-21T14:32:13Z" finished-at="2020-04-21T14:32:13Z">
          <reporter-output>
          </reporter-output>
        </test-method> <!-- quit -->
      </class> <!-- com.stonerisehealthcare.testcases.Resources -->
    </test> <!-- ResourcesLinkTest -->
    <test name="OtherServicesLinksTest" duration-ms="92562" started-at="2020-04-21T04:32:13Z" finished-at="2020-04-21T04:33:45Z">
      <class name="com.stonerisehealthcare.testcases.OtherServicesLinksTest">
        <test-method status="PASS" signature="initialize()[pri:0, instance:com.stonerisehealthcare.testcases.OtherServicesLinksTest@2ef5e5e3]" name="initialize" is-config="true" duration-ms="0" started-at="2020-04-21T14:32:13Z" finished-at="2020-04-21T14:32:13Z">
          <reporter-output>
          </reporter-output>
        </test-method> <!-- initialize -->
        <test-method status="PASS" signature="initTest()[pri:0, instance:com.stonerisehealthcare.testcases.OtherServicesLinksTest@2ef5e5e3]" name="initTest" is-config="true" duration-ms="0" started-at="2020-04-21T14:32:13Z" finished-at="2020-04-21T14:32:13Z">
          <reporter-output>
          </reporter-output>
        </test-method> <!-- initTest -->
        <test-method status="PASS" signature="otherserviceslinks(java.util.Hashtable)[pri:0, instance:com.stonerisehealthcare.testcases.OtherServicesLinksTest@2ef5e5e3]" name="otherserviceslinks" duration-ms="43046" started-at="2020-04-21T14:32:13Z" data-provider="getData" finished-at="2020-04-21T14:32:56Z">
          <params>
            <param index="0">
              <value>
                <![CDATA[{Runmode=Y, Browser=chrome}]]>
              </value>
            </param>
          </params>
          <reporter-output>
          </reporter-output>
        </test-method> <!-- otherserviceslinks -->
        <test-method status="PASS" signature="quit()[pri:0, instance:com.stonerisehealthcare.testcases.OtherServicesLinksTest@2ef5e5e3]" name="quit" is-config="true" duration-ms="967" started-at="2020-04-21T14:32:56Z" finished-at="2020-04-21T14:32:57Z">
          <reporter-output>
          </reporter-output>
        </test-method> <!-- quit -->
        <test-method status="PASS" signature="otherserviceslinks(java.util.Hashtable)[pri:0, instance:com.stonerisehealthcare.testcases.OtherServicesLinksTest@2ef5e5e3]" name="otherserviceslinks" duration-ms="46872" started-at="2020-04-21T14:32:57Z" data-provider="getData" finished-at="2020-04-21T14:33:44Z">
          <params>
            <param index="0">
              <value>
                <![CDATA[{Runmode=Y, Browser=firefox}]]>
              </value>
            </param>
          </params>
          <reporter-output>
          </reporter-output>
        </test-method> <!-- otherserviceslinks -->
        <test-method status="PASS" signature="initTest()[pri:0, instance:com.stonerisehealthcare.testcases.OtherServicesLinksTest@2ef5e5e3]" name="initTest" is-config="true" duration-ms="0" started-at="2020-04-21T14:32:57Z" finished-at="2020-04-21T14:32:57Z">
          <reporter-output>
          </reporter-output>
        </test-method> <!-- initTest -->
        <test-method status="PASS" signature="quit()[pri:0, instance:com.stonerisehealthcare.testcases.OtherServicesLinksTest@2ef5e5e3]" name="quit" is-config="true" duration-ms="1479" started-at="2020-04-21T14:33:44Z" finished-at="2020-04-21T14:33:45Z">
          <reporter-output>
          </reporter-output>
        </test-method> <!-- quit -->
        <test-method status="SKIP" signature="otherserviceslinks(java.util.Hashtable)[pri:0, instance:com.stonerisehealthcare.testcases.OtherServicesLinksTest@2ef5e5e3]" name="otherserviceslinks" duration-ms="1" started-at="2020-04-21T14:33:45Z" data-provider="getData" finished-at="2020-04-21T14:33:45Z">
          <params>
            <param index="0">
              <value>
                <![CDATA[{Runmode=N, Browser=ie}]]>
              </value>
            </param>
          </params>
          <exception class="org.testng.SkipException">
            <message>
              <![CDATA[Test skipped since rumode is N]]>
            </message>
            <full-stacktrace>
              <![CDATA[org.testng.SkipException: Test skipped since rumode is N
	at com.stonerisehealthcare.testcases.OtherServicesLinksTest.otherserviceslinks(OtherServicesLinksTest.java:27)
	at sun.reflect.NativeMethodAccessorImpl.invoke0(Native Method)
	at sun.reflect.NativeMethodAccessorImpl.invoke(NativeMethodAccessorImpl.java:62)
	at sun.reflect.DelegatingMethodAccessorImpl.invoke(DelegatingMethodAccessorImpl.java:43)
	at java.lang.reflect.Method.invoke(Method.java:483)
	at org.testng.internal.MethodInvocationHelper.invokeMethod(MethodInvocationHelper.java:104)
	at org.testng.internal.Invoker.invokeMethod(Invoker.java:645)
	at org.testng.internal.Invoker.invokeTestMethod(Invoker.java:851)
	at org.testng.internal.Invoker.invokeTestMethods(Invoker.java:1177)
	at org.testng.internal.TestMethodWorker.invokeTestMethods(TestMethodWorker.java:129)
	at org.testng.internal.TestMethodWorker.run(TestMethodWorker.java:112)
	at org.testng.TestRunner.privateRun(TestRunner.java:756)
	at org.testng.TestRunner.run(TestRunner.java:610)
	at org.testng.SuiteRunner.runTest(SuiteRunner.java:387)
	at org.testng.SuiteRunner.runSequentially(SuiteRunner.java:382)
	at org.testng.SuiteRunner.privateRun(SuiteRunner.java:340)
	at org.testng.SuiteRunner.run(SuiteRunner.java:289)
	at org.testng.SuiteRunnerWorker.runSuite(SuiteRunnerWorker.java:52)
	at org.testng.SuiteRunnerWorker.run(SuiteRunnerWorker.java:86)
	at org.testng.TestNG.runSuitesSequentially(TestNG.java:1293)
	at org.testng.TestNG.runSuitesLocally(TestNG.java:1218)
	at org.testng.TestNG.runSuites(TestNG.java:1133)
	at org.testng.TestNG.run(TestNG.java:1104)
	at org.apache.maven.surefire.testng.TestNGExecutor.run(TestNGExecutor.java:283)
	at org.apache.maven.surefire.testng.TestNGXmlTestSuite.execute(TestNGXmlTestSuite.java:75)
	at org.apache.maven.surefire.testng.TestNGProvider.invoke(TestNGProvider.java:120)
	at org.apache.maven.surefire.booter.ForkedBooter.invokeProviderInSameClassLoader(ForkedBooter.java:384)
	at org.apache.maven.surefire.booter.ForkedBooter.runSuitesInProcess(ForkedBooter.java:345)
	at org.apache.maven.surefire.booter.ForkedBooter.execute(ForkedBooter.java:126)
	at org.apache.maven.surefire.booter.ForkedBooter.main(ForkedBooter.java:418)
]]>
            </full-stacktrace>
          </exception> <!-- org.testng.SkipException -->
          <reporter-output>
          </reporter-output>
        </test-method> <!-- otherserviceslinks -->
        <test-method status="PASS" signature="initTest()[pri:0, instance:com.stonerisehealthcare.testcases.OtherServicesLinksTest@2ef5e5e3]" name="initTest" is-config="true" duration-ms="0" started-at="2020-04-21T14:33:45Z" finished-at="2020-04-21T14:33:45Z">
          <reporter-output>
          </reporter-output>
        </test-method> <!-- initTest -->
        <test-method status="PASS" signature="quit()[pri:0, instance:com.stonerisehealthcare.testcases.OtherServicesLinksTest@2ef5e5e3]" name="quit" is-config="true" duration-ms="44" started-at="2020-04-21T14:33:45Z" finished-at="2020-04-21T14:33:45Z">
          <reporter-output>
          </reporter-output>
        </test-method> <!-- quit -->
        <test-method status="SKIP" signature="otherserviceslinks(java.util.Hashtable)[pri:0, instance:com.stonerisehealthcare.testcases.OtherServicesLinksTest@2ef5e5e3]" name="otherserviceslinks" duration-ms="1" started-at="2020-04-21T14:33:45Z" data-provider="getData" finished-at="2020-04-21T14:33:45Z">
          <params>
            <param index="0">
              <value>
                <![CDATA[{Runmode=N, Browser=Edge}]]>
              </value>
            </param>
          </params>
          <exception class="org.testng.SkipException">
            <message>
              <![CDATA[Test skipped since rumode is N]]>
            </message>
            <full-stacktrace>
              <![CDATA[org.testng.SkipException: Test skipped since rumode is N
	at com.stonerisehealthcare.testcases.OtherServicesLinksTest.otherserviceslinks(OtherServicesLinksTest.java:27)
	at sun.reflect.NativeMethodAccessorImpl.invoke0(Native Method)
	at sun.reflect.NativeMethodAccessorImpl.invoke(NativeMethodAccessorImpl.java:62)
	at sun.reflect.DelegatingMethodAccessorImpl.invoke(DelegatingMethodAccessorImpl.java:43)
	at java.lang.reflect.Method.invoke(Method.java:483)
	at org.testng.internal.MethodInvocationHelper.invokeMethod(MethodInvocationHelper.java:104)
	at org.testng.internal.Invoker.invokeMethod(Invoker.java:645)
	at org.testng.internal.Invoker.invokeTestMethod(Invoker.java:851)
	at org.testng.internal.Invoker.invokeTestMethods(Invoker.java:1177)
	at org.testng.internal.TestMethodWorker.invokeTestMethods(TestMethodWorker.java:129)
	at org.testng.internal.TestMethodWorker.run(TestMethodWorker.java:112)
	at org.testng.TestRunner.privateRun(TestRunner.java:756)
	at org.testng.TestRunner.run(TestRunner.java:610)
	at org.testng.SuiteRunner.runTest(SuiteRunner.java:387)
	at org.testng.SuiteRunner.runSequentially(SuiteRunner.java:382)
	at org.testng.SuiteRunner.privateRun(SuiteRunner.java:340)
	at org.testng.SuiteRunner.run(SuiteRunner.java:289)
	at org.testng.SuiteRunnerWorker.runSuite(SuiteRunnerWorker.java:52)
	at org.testng.SuiteRunnerWorker.run(SuiteRunnerWorker.java:86)
	at org.testng.TestNG.runSuitesSequentially(TestNG.java:1293)
	at org.testng.TestNG.runSuitesLocally(TestNG.java:1218)
	at org.testng.TestNG.runSuites(TestNG.java:1133)
	at org.testng.TestNG.run(TestNG.java:1104)
	at org.apache.maven.surefire.testng.TestNGExecutor.run(TestNGExecutor.java:283)
	at org.apache.maven.surefire.testng.TestNGXmlTestSuite.execute(TestNGXmlTestSuite.java:75)
	at org.apache.maven.surefire.testng.TestNGProvider.invoke(TestNGProvider.java:120)
	at org.apache.maven.surefire.booter.ForkedBooter.invokeProviderInSameClassLoader(ForkedBooter.java:384)
	at org.apache.maven.surefire.booter.ForkedBooter.runSuitesInProcess(ForkedBooter.java:345)
	at org.apache.maven.surefire.booter.ForkedBooter.execute(ForkedBooter.java:126)
	at org.apache.maven.surefire.booter.ForkedBooter.main(ForkedBooter.java:418)
]]>
            </full-stacktrace>
          </exception> <!-- org.testng.SkipException -->
          <reporter-output>
          </reporter-output>
        </test-method> <!-- otherserviceslinks -->
        <test-method status="PASS" signature="initTest()[pri:0, instance:com.stonerisehealthcare.testcases.OtherServicesLinksTest@2ef5e5e3]" name="initTest" is-config="true" duration-ms="0" started-at="2020-04-21T14:33:45Z" finished-at="2020-04-21T14:33:45Z">
          <reporter-output>
          </reporter-output>
        </test-method> <!-- initTest -->
        <test-method status="PASS" signature="quit()[pri:0, instance:com.stonerisehealthcare.testcases.OtherServicesLinksTest@2ef5e5e3]" name="quit" is-config="true" duration-ms="46" started-at="2020-04-21T14:33:45Z" finished-at="2020-04-21T14:33:45Z">
          <reporter-output>
          </reporter-output>
        </test-method> <!-- quit -->
      </class> <!-- com.stonerisehealthcare.testcases.OtherServicesLinksTest -->
    </test> <!-- OtherServicesLinksTest -->
    <test name="ContactAndConnectLinksTest" duration-ms="90031" started-at="2020-04-21T04:33:45Z" finished-at="2020-04-21T04:35:15Z">
      <class name="com.stonerisehealthcare.testcases.ContactAndConnectLinksTest">
        <test-method status="PASS" signature="initialize()[pri:0, instance:com.stonerisehealthcare.testcases.ContactAndConnectLinksTest@7f9a81e8]" name="initialize" is-config="true" duration-ms="1" started-at="2020-04-21T14:33:45Z" finished-at="2020-04-21T14:33:45Z">
          <reporter-output>
          </reporter-output>
        </test-method> <!-- initialize -->
        <test-method status="PASS" signature="otherserviceslinks(java.util.Hashtable)[pri:0, instance:com.stonerisehealthcare.testcases.ContactAndConnectLinksTest@7f9a81e8]" name="otherserviceslinks" duration-ms="41047" started-at="2020-04-21T14:33:45Z" data-provider="getData" finished-at="2020-04-21T14:34:26Z">
          <params>
            <param index="0">
              <value>
                <![CDATA[{Runmode=Y, Browser=chrome}]]>
              </value>
            </param>
          </params>
          <reporter-output>
          </reporter-output>
        </test-method> <!-- otherserviceslinks -->
        <test-method status="PASS" signature="initTest()[pri:0, instance:com.stonerisehealthcare.testcases.ContactAndConnectLinksTest@7f9a81e8]" name="initTest" is-config="true" duration-ms="0" started-at="2020-04-21T14:33:45Z" finished-at="2020-04-21T14:33:45Z">
          <reporter-output>
          </reporter-output>
        </test-method> <!-- initTest -->
        <test-method status="PASS" signature="quit()[pri:0, instance:com.stonerisehealthcare.testcases.ContactAndConnectLinksTest@7f9a81e8]" name="quit" is-config="true" duration-ms="846" started-at="2020-04-21T14:34:26Z" finished-at="2020-04-21T14:34:27Z">
          <reporter-output>
          </reporter-output>
        </test-method> <!-- quit -->
        <test-method status="PASS" signature="initTest()[pri:0, instance:com.stonerisehealthcare.testcases.ContactAndConnectLinksTest@7f9a81e8]" name="initTest" is-config="true" duration-ms="1" started-at="2020-04-21T14:34:27Z" finished-at="2020-04-21T14:34:27Z">
          <reporter-output>
          </reporter-output>
        </test-method> <!-- initTest -->
        <test-method status="PASS" signature="otherserviceslinks(java.util.Hashtable)[pri:0, instance:com.stonerisehealthcare.testcases.ContactAndConnectLinksTest@7f9a81e8]" name="otherserviceslinks" duration-ms="36420" started-at="2020-04-21T14:34:27Z" data-provider="getData" finished-at="2020-04-21T14:35:04Z">
          <params>
            <param index="0">
              <value>
                <![CDATA[{Runmode=Y, Browser=firefox}]]>
              </value>
            </param>
          </params>
          <reporter-output>
          </reporter-output>
        </test-method> <!-- otherserviceslinks -->
        <test-method status="PASS" signature="quit()[pri:0, instance:com.stonerisehealthcare.testcases.ContactAndConnectLinksTest@7f9a81e8]" name="quit" is-config="true" duration-ms="11581" started-at="2020-04-21T14:35:04Z" finished-at="2020-04-21T14:35:15Z">
          <reporter-output>
          </reporter-output>
        </test-method> <!-- quit -->
        <test-method status="PASS" signature="initTest()[pri:0, instance:com.stonerisehealthcare.testcases.ContactAndConnectLinksTest@7f9a81e8]" name="initTest" is-config="true" duration-ms="0" started-at="2020-04-21T14:35:15Z" finished-at="2020-04-21T14:35:15Z">
          <reporter-output>
          </reporter-output>
        </test-method> <!-- initTest -->
        <test-method status="SKIP" signature="otherserviceslinks(java.util.Hashtable)[pri:0, instance:com.stonerisehealthcare.testcases.ContactAndConnectLinksTest@7f9a81e8]" name="otherserviceslinks" duration-ms="1" started-at="2020-04-21T14:35:15Z" data-provider="getData" finished-at="2020-04-21T14:35:15Z">
          <params>
            <param index="0">
              <value>
                <![CDATA[{Runmode=N, Browser=ie}]]>
              </value>
            </param>
          </params>
          <exception class="org.testng.SkipException">
            <message>
              <![CDATA[Test skipped since rumode is N]]>
            </message>
            <full-stacktrace>
              <![CDATA[org.testng.SkipException: Test skipped since rumode is N
	at com.stonerisehealthcare.testcases.ContactAndConnectLinksTest.otherserviceslinks(ContactAndConnectLinksTest.java:28)
	at sun.reflect.NativeMethodAccessorImpl.invoke0(Native Method)
	at sun.reflect.NativeMethodAccessorImpl.invoke(NativeMethodAccessorImpl.java:62)
	at sun.reflect.DelegatingMethodAccessorImpl.invoke(DelegatingMethodAccessorImpl.java:43)
	at java.lang.reflect.Method.invoke(Method.java:483)
	at org.testng.internal.MethodInvocationHelper.invokeMethod(MethodInvocationHelper.java:104)
	at org.testng.internal.Invoker.invokeMethod(Invoker.java:645)
	at org.testng.internal.Invoker.invokeTestMethod(Invoker.java:851)
	at org.testng.internal.Invoker.invokeTestMethods(Invoker.java:1177)
	at org.testng.internal.TestMethodWorker.invokeTestMethods(TestMethodWorker.java:129)
	at org.testng.internal.TestMethodWorker.run(TestMethodWorker.java:112)
	at org.testng.TestRunner.privateRun(TestRunner.java:756)
	at org.testng.TestRunner.run(TestRunner.java:610)
	at org.testng.SuiteRunner.runTest(SuiteRunner.java:387)
	at org.testng.SuiteRunner.runSequentially(SuiteRunner.java:382)
	at org.testng.SuiteRunner.privateRun(SuiteRunner.java:340)
	at org.testng.SuiteRunner.run(SuiteRunner.java:289)
	at org.testng.SuiteRunnerWorker.runSuite(SuiteRunnerWorker.java:52)
	at org.testng.SuiteRunnerWorker.run(SuiteRunnerWorker.java:86)
	at org.testng.TestNG.runSuitesSequentially(TestNG.java:1293)
	at org.testng.TestNG.runSuitesLocally(TestNG.java:1218)
	at org.testng.TestNG.runSuites(TestNG.java:1133)
	at org.testng.TestNG.run(TestNG.java:1104)
	at org.apache.maven.surefire.testng.TestNGExecutor.run(TestNGExecutor.java:283)
	at org.apache.maven.surefire.testng.TestNGXmlTestSuite.execute(TestNGXmlTestSuite.java:75)
	at org.apache.maven.surefire.testng.TestNGProvider.invoke(TestNGProvider.java:120)
	at org.apache.maven.surefire.booter.ForkedBooter.invokeProviderInSameClassLoader(ForkedBooter.java:384)
	at org.apache.maven.surefire.booter.ForkedBooter.runSuitesInProcess(ForkedBooter.java:345)
	at org.apache.maven.surefire.booter.ForkedBooter.execute(ForkedBooter.java:126)
	at org.apache.maven.surefire.booter.ForkedBooter.main(ForkedBooter.java:418)
]]>
            </full-stacktrace>
          </exception> <!-- org.testng.SkipException -->
          <reporter-output>
          </reporter-output>
        </test-method> <!-- otherserviceslinks -->
        <test-method status="PASS" signature="quit()[pri:0, instance:com.stonerisehealthcare.testcases.ContactAndConnectLinksTest@7f9a81e8]" name="quit" is-config="true" duration-ms="41" started-at="2020-04-21T14:35:15Z" finished-at="2020-04-21T14:35:15Z">
          <reporter-output>
          </reporter-output>
        </test-method> <!-- quit -->
        <test-method status="PASS" signature="initTest()[pri:0, instance:com.stonerisehealthcare.testcases.ContactAndConnectLinksTest@7f9a81e8]" name="initTest" is-config="true" duration-ms="0" started-at="2020-04-21T14:35:15Z" finished-at="2020-04-21T14:35:15Z">
          <reporter-output>
          </reporter-output>
        </test-method> <!-- initTest -->
        <test-method status="SKIP" signature="otherserviceslinks(java.util.Hashtable)[pri:0, instance:com.stonerisehealthcare.testcases.ContactAndConnectLinksTest@7f9a81e8]" name="otherserviceslinks" duration-ms="1" started-at="2020-04-21T14:35:15Z" data-provider="getData" finished-at="2020-04-21T14:35:15Z">
          <params>
            <param index="0">
              <value>
                <![CDATA[{Runmode=N, Browser=Edge}]]>
              </value>
            </param>
          </params>
          <exception class="org.testng.SkipException">
            <message>
              <![CDATA[Test skipped since rumode is N]]>
            </message>
            <full-stacktrace>
              <![CDATA[org.testng.SkipException: Test skipped since rumode is N
	at com.stonerisehealthcare.testcases.ContactAndConnectLinksTest.otherserviceslinks(ContactAndConnectLinksTest.java:28)
	at sun.reflect.NativeMethodAccessorImpl.invoke0(Native Method)
	at sun.reflect.NativeMethodAccessorImpl.invoke(NativeMethodAccessorImpl.java:62)
	at sun.reflect.DelegatingMethodAccessorImpl.invoke(DelegatingMethodAccessorImpl.java:43)
	at java.lang.reflect.Method.invoke(Method.java:483)
	at org.testng.internal.MethodInvocationHelper.invokeMethod(MethodInvocationHelper.java:104)
	at org.testng.internal.Invoker.invokeMethod(Invoker.java:645)
	at org.testng.internal.Invoker.invokeTestMethod(Invoker.java:851)
	at org.testng.internal.Invoker.invokeTestMethods(Invoker.java:1177)
	at org.testng.internal.TestMethodWorker.invokeTestMethods(TestMethodWorker.java:129)
	at org.testng.internal.TestMethodWorker.run(TestMethodWorker.java:112)
	at org.testng.TestRunner.privateRun(TestRunner.java:756)
	at org.testng.TestRunner.run(TestRunner.java:610)
	at org.testng.SuiteRunner.runTest(SuiteRunner.java:387)
	at org.testng.SuiteRunner.runSequentially(SuiteRunner.java:382)
	at org.testng.SuiteRunner.privateRun(SuiteRunner.java:340)
	at org.testng.SuiteRunner.run(SuiteRunner.java:289)
	at org.testng.SuiteRunnerWorker.runSuite(SuiteRunnerWorker.java:52)
	at org.testng.SuiteRunnerWorker.run(SuiteRunnerWorker.java:86)
	at org.testng.TestNG.runSuitesSequentially(TestNG.java:1293)
	at org.testng.TestNG.runSuitesLocally(TestNG.java:1218)
	at org.testng.TestNG.runSuites(TestNG.java:1133)
	at org.testng.TestNG.run(TestNG.java:1104)
	at org.apache.maven.surefire.testng.TestNGExecutor.run(TestNGExecutor.java:283)
	at org.apache.maven.surefire.testng.TestNGXmlTestSuite.execute(TestNGXmlTestSuite.java:75)
	at org.apache.maven.surefire.testng.TestNGProvider.invoke(TestNGProvider.java:120)
	at org.apache.maven.surefire.booter.ForkedBooter.invokeProviderInSameClassLoader(ForkedBooter.java:384)
	at org.apache.maven.surefire.booter.ForkedBooter.runSuitesInProcess(ForkedBooter.java:345)
	at org.apache.maven.surefire.booter.ForkedBooter.execute(ForkedBooter.java:126)
	at org.apache.maven.surefire.booter.ForkedBooter.main(ForkedBooter.java:418)
]]>
            </full-stacktrace>
          </exception> <!-- org.testng.SkipException -->
          <reporter-output>
          </reporter-output>
        </test-method> <!-- otherserviceslinks -->
        <test-method status="PASS" signature="quit()[pri:0, instance:com.stonerisehealthcare.testcases.ContactAndConnectLinksTest@7f9a81e8]" name="quit" is-config="true" duration-ms="44" started-at="2020-04-21T14:35:15Z" finished-at="2020-04-21T14:35:15Z">
          <reporter-output>
          </reporter-output>
        </test-method> <!-- quit -->
      </class> <!-- com.stonerisehealthcare.testcases.ContactAndConnectLinksTest -->
    </test> <!-- ContactAndConnectLinksTest -->
  </suite> <!-- Suite -->
</testng-results>
